2023-11-02 21:14:25,874 INFO [main] h.j.p.m.Main [SafeInput.java:52] null
java.util.InputMismatchException: null
	at java.base/java.util.Scanner.throwFor(Scanner.java:947)
	at java.base/java.util.Scanner.next(Scanner.java:1602)
	at java.base/java.util.Scanner.nextInt(Scanner.java:2267)
	at java.base/java.util.Scanner.nextInt(Scanner.java:2221)
	at hr.java.project.utility.SafeInput.secureCorrectIntegerInterval(SafeInput.java:42)
	at hr.java.project.main.Main.createStudent(Main.java:71)
	at hr.java.project.main.Main.collectStudentsFromUser(Main.java:52)
	at hr.java.project.main.Main.main(Main.java:31)
2023-11-02 21:14:30,541 INFO [main] h.j.p.m.Main [SafeInput.java:52] null
java.util.InputMismatchException: null
	at java.base/java.util.Scanner.throwFor(Scanner.java:947)
	at java.base/java.util.Scanner.next(Scanner.java:1602)
	at java.base/java.util.Scanner.nextInt(Scanner.java:2267)
	at java.base/java.util.Scanner.nextInt(Scanner.java:2221)
	at hr.java.project.utility.SafeInput.secureCorrectIntegerInterval(SafeInput.java:42)
	at hr.java.project.main.Main.collectSubjectsAndGrades(Main.java:102)
	at hr.java.project.main.Main.createStudent(Main.java:73)
	at hr.java.project.main.Main.collectStudentsFromUser(Main.java:52)
	at hr.java.project.main.Main.main(Main.java:31)
2023-11-02 21:14:51,815 INFO [main] h.j.p.m.Main [SafeInput.java:52] null
java.util.InputMismatchException: null
	at java.base/java.util.Scanner.throwFor(Scanner.java:947)
	at java.base/java.util.Scanner.next(Scanner.java:1602)
	at java.base/java.util.Scanner.nextInt(Scanner.java:2267)
	at java.base/java.util.Scanner.nextInt(Scanner.java:2221)
	at hr.java.project.utility.SafeInput.secureCorrectIntegerInterval(SafeInput.java:42)
	at hr.java.project.main.Main.createStudent(Main.java:80)
	at hr.java.project.main.Main.collectStudentsFromUser(Main.java:52)
	at hr.java.project.main.Main.main(Main.java:31)
2023-11-02 21:15:40,898 INFO [main] h.j.p.m.Main [SafeInput.java:52] null
java.util.InputMismatchException: null
	at java.base/java.util.Scanner.throwFor(Scanner.java:947)
	at java.base/java.util.Scanner.next(Scanner.java:1602)
	at java.base/java.util.Scanner.nextInt(Scanner.java:2267)
	at java.base/java.util.Scanner.nextInt(Scanner.java:2221)
	at hr.java.project.utility.SafeInput.secureCorrectIntegerInterval(SafeInput.java:42)
	at hr.java.project.main.Main.selectStudents(Main.java:260)
	at hr.java.project.main.Main.createMathClub(Main.java:175)
	at hr.java.project.main.Main.collectMathClubsFromUser(Main.java:163)
	at hr.java.project.main.Main.main(Main.java:33)
2023-11-02 21:16:46,172 INFO [main] h.j.p.m.Main [SafeInput.java:207] Neispravan format
java.time.format.DateTimeParseException: Text '11' could not be parsed at index 2
	at java.base/java.time.format.DateTimeFormatter.parseResolved0(DateTimeFormatter.java:2108)
	at java.base/java.time.format.DateTimeFormatter.parse(DateTimeFormatter.java:2010)
	at java.base/java.time.LocalDateTime.parse(LocalDateTime.java:494)
	at hr.java.project.utility.SafeInput.secureCorrectLocalDateTime(SafeInput.java:203)
	at hr.java.project.main.Main.createMathCompetition(Main.java:198)
	at hr.java.project.main.Main.collectMathCompetitionsFromUser(Main.java:185)
	at hr.java.project.main.Main.main(Main.java:35)
2023-11-02 21:17:18,053 INFO [main] h.j.p.m.Main [SafeInput.java:90] null
java.util.InputMismatchException: null
	at java.base/java.util.Scanner.throwFor(Scanner.java:947)
	at java.base/java.util.Scanner.next(Scanner.java:1602)
	at java.base/java.util.Scanner.nextBigDecimal(Scanner.java:2749)
	at hr.java.project.utility.SafeInput.secureCorrectBigDecimalInterval(SafeInput.java:80)
	at hr.java.project.main.Main.selectCompetitionResults(Main.java:236)
	at hr.java.project.main.Main.createMathCompetition(Main.java:203)
	at hr.java.project.main.Main.collectMathCompetitionsFromUser(Main.java:185)
	at hr.java.project.main.Main.main(Main.java:35)
2023-11-03 11:31:41,475 INFO [main] h.j.p.m.Main [SafeInput.java:239] Neispravan format članske iskaznice.
2023-11-03 11:31:52,464 INFO [main] h.j.p.m.Main [SafeInput.java:239] Neispravan format članske iskaznice.
2023-11-03 11:31:55,040 INFO [main] h.j.p.m.Main [SafeInput.java:239] Neispravan format članske iskaznice.
2023-11-03 11:32:14,030 INFO [main] h.j.p.m.Main [Main.java:66] Unesen već postojeći student
hr.java.project.exception.DuplicateStudentException: Unesen već postojeći student
	at hr.java.project.main.Main.createStudent(Main.java:103)
	at hr.java.project.main.Main.collectStudentsFromUser(Main.java:60)
	at hr.java.project.main.Main.main(Main.java:32)
2023-11-03 11:33:34,941 INFO [main] h.j.p.m.Main [Main.java:66] Unesen već postojeći student
hr.java.project.exception.DuplicateStudentException: Unesen već postojeći student
	at hr.java.project.main.Main.createStudent(Main.java:103)
	at hr.java.project.main.Main.collectStudentsFromUser(Main.java:60)
	at hr.java.project.main.Main.main(Main.java:32)
2023-11-03 11:40:35,239 INFO [main] h.j.p.m.Main [Main.java:66] Unesen već postojeći student
hr.java.project.exception.DuplicateStudentException: Unesen već postojeći student
	at hr.java.project.main.Main.createStudent(Main.java:103)
	at hr.java.project.main.Main.collectStudentsFromUser(Main.java:60)
	at hr.java.project.main.Main.main(Main.java:32)
2023-11-30 14:08:57,075 ERROR [main] h.j.p.u.FileReaderUtil [FileReaderUtil.java:280] Dogodila se pogreška kod čitanja datoteke - + dat/math-competitions.txt
java.io.FileNotFoundException: dat\math-competitions.txt (The system cannot find the file specified)
	at java.base/java.io.FileInputStream.open0(Native Method)
	at java.base/java.io.FileInputStream.open(FileInputStream.java:213)
	at java.base/java.io.FileInputStream.<init>(FileInputStream.java:152)
	at java.base/java.io.FileInputStream.<init>(FileInputStream.java:106)
	at java.base/java.io.FileReader.<init>(FileReader.java:60)
	at hr.java.project.utility.FileReaderUtil.getMathCompetitionsFromFile(FileReaderUtil.java:238)
	at hr.java.project.main.Main.main(Main.java:35)
2023-11-30 21:19:47,972 ERROR [main] h.j.p.u.SerializationUtil [SerializationUtil.java:30] Greška prilikom serijalizacije objekta!
java.io.NotSerializableException: java.util.Optional
	at java.base/java.io.ObjectOutputStream.writeObject0(ObjectOutputStream.java:1200)
	at java.base/java.io.ObjectOutputStream.defaultWriteFields(ObjectOutputStream.java:1585)
	at java.base/java.io.ObjectOutputStream.writeSerialData(ObjectOutputStream.java:1542)
	at java.base/java.io.ObjectOutputStream.writeOrdinaryObject(ObjectOutputStream.java:1451)
	at java.base/java.io.ObjectOutputStream.writeObject0(ObjectOutputStream.java:1194)
	at java.base/java.io.ObjectOutputStream.defaultWriteFields(ObjectOutputStream.java:1585)
	at java.base/java.io.ObjectOutputStream.writeRecordData(ObjectOutputStream.java:1503)
	at java.base/java.io.ObjectOutputStream.writeOrdinaryObject(ObjectOutputStream.java:1447)
	at java.base/java.io.ObjectOutputStream.writeObject0(ObjectOutputStream.java:1194)
	at java.base/java.io.ObjectOutputStream.writeObject(ObjectOutputStream.java:358)
	at java.base/java.util.HashSet.writeObject(HashSet.java:298)
	at java.base/jdk.internal.reflect.DirectMethodHandleAccessor.invoke(DirectMethodHandleAccessor.java:103)
	at java.base/java.lang.reflect.Method.invoke(Method.java:580)
	at java.base/java.io.ObjectStreamClass.invokeWriteObject(ObjectStreamClass.java:1072)
	at java.base/java.io.ObjectOutputStream.writeSerialData(ObjectOutputStream.java:1529)
	at java.base/java.io.ObjectOutputStream.writeOrdinaryObject(ObjectOutputStream.java:1451)
	at java.base/java.io.ObjectOutputStream.writeObject0(ObjectOutputStream.java:1194)
	at java.base/java.io.ObjectOutputStream.defaultWriteFields(ObjectOutputStream.java:1585)
	at java.base/java.io.ObjectOutputStream.writeSerialData(ObjectOutputStream.java:1542)
	at java.base/java.io.ObjectOutputStream.writeOrdinaryObject(ObjectOutputStream.java:1451)
	at java.base/java.io.ObjectOutputStream.writeObject0(ObjectOutputStream.java:1194)
	at java.base/java.io.ObjectOutputStream.writeObject(ObjectOutputStream.java:358)
	at java.base/java.util.ArrayList.writeObject(ArrayList.java:948)
	at java.base/jdk.internal.reflect.DirectMethodHandleAccessor.invoke(DirectMethodHandleAccessor.java:103)
	at java.base/java.lang.reflect.Method.invoke(Method.java:580)
	at java.base/java.io.ObjectStreamClass.invokeWriteObject(ObjectStreamClass.java:1072)
	at java.base/java.io.ObjectOutputStream.writeSerialData(ObjectOutputStream.java:1529)
	at java.base/java.io.ObjectOutputStream.writeOrdinaryObject(ObjectOutputStream.java:1451)
	at java.base/java.io.ObjectOutputStream.writeObject0(ObjectOutputStream.java:1194)
	at java.base/java.io.ObjectOutputStream.writeObject(ObjectOutputStream.java:358)
	at hr.java.project.utility.SerializationUtil.serializeCompetitionResults(SerializationUtil.java:26)
	at hr.java.project.main.Main.main(Main.java:42)
2023-11-30 21:21:00,132 ERROR [main] h.j.p.u.SerializationUtil [SerializationUtil.java:30] Greška prilikom serijalizacije objekta!
java.io.NotSerializableException: java.util.Optional
	at java.base/java.io.ObjectOutputStream.writeObject0(ObjectOutputStream.java:1200)
	at java.base/java.io.ObjectOutputStream.defaultWriteFields(ObjectOutputStream.java:1585)
	at java.base/java.io.ObjectOutputStream.writeSerialData(ObjectOutputStream.java:1542)
	at java.base/java.io.ObjectOutputStream.writeOrdinaryObject(ObjectOutputStream.java:1451)
	at java.base/java.io.ObjectOutputStream.writeObject0(ObjectOutputStream.java:1194)
	at java.base/java.io.ObjectOutputStream.defaultWriteFields(ObjectOutputStream.java:1585)
	at java.base/java.io.ObjectOutputStream.writeRecordData(ObjectOutputStream.java:1503)
	at java.base/java.io.ObjectOutputStream.writeOrdinaryObject(ObjectOutputStream.java:1447)
	at java.base/java.io.ObjectOutputStream.writeObject0(ObjectOutputStream.java:1194)
	at java.base/java.io.ObjectOutputStream.writeObject(ObjectOutputStream.java:358)
	at java.base/java.util.HashSet.writeObject(HashSet.java:298)
	at java.base/jdk.internal.reflect.DirectMethodHandleAccessor.invoke(DirectMethodHandleAccessor.java:103)
	at java.base/java.lang.reflect.Method.invoke(Method.java:580)
	at java.base/java.io.ObjectStreamClass.invokeWriteObject(ObjectStreamClass.java:1072)
	at java.base/java.io.ObjectOutputStream.writeSerialData(ObjectOutputStream.java:1529)
	at java.base/java.io.ObjectOutputStream.writeOrdinaryObject(ObjectOutputStream.java:1451)
	at java.base/java.io.ObjectOutputStream.writeObject0(ObjectOutputStream.java:1194)
	at java.base/java.io.ObjectOutputStream.defaultWriteFields(ObjectOutputStream.java:1585)
	at java.base/java.io.ObjectOutputStream.writeSerialData(ObjectOutputStream.java:1542)
	at java.base/java.io.ObjectOutputStream.writeOrdinaryObject(ObjectOutputStream.java:1451)
	at java.base/java.io.ObjectOutputStream.writeObject0(ObjectOutputStream.java:1194)
	at java.base/java.io.ObjectOutputStream.writeObject(ObjectOutputStream.java:358)
	at java.base/java.util.ArrayList.writeObject(ArrayList.java:948)
	at java.base/jdk.internal.reflect.DirectMethodHandleAccessor.invoke(DirectMethodHandleAccessor.java:103)
	at java.base/java.lang.reflect.Method.invoke(Method.java:580)
	at java.base/java.io.ObjectStreamClass.invokeWriteObject(ObjectStreamClass.java:1072)
	at java.base/java.io.ObjectOutputStream.writeSerialData(ObjectOutputStream.java:1529)
	at java.base/java.io.ObjectOutputStream.writeOrdinaryObject(ObjectOutputStream.java:1451)
	at java.base/java.io.ObjectOutputStream.writeObject0(ObjectOutputStream.java:1194)
	at java.base/java.io.ObjectOutputStream.writeObject(ObjectOutputStream.java:358)
	at hr.java.project.utility.SerializationUtil.serializeCompetitionResults(SerializationUtil.java:26)
	at hr.java.project.main.Main.main(Main.java:42)
2023-11-30 21:21:00,160 ERROR [main] h.j.p.u.SerializationUtil [SerializationUtil.java:50] Greška prilikom deserijalizacije!
java.io.WriteAbortedException: writing aborted; java.io.NotSerializableException: java.util.Optional
	at java.base/java.io.ObjectInputStream.readObject0(ObjectInputStream.java:1769)
	at java.base/java.io.ObjectInputStream$FieldValues.<init>(ObjectInputStream.java:2618)
	at java.base/java.io.ObjectInputStream.readSerialData(ObjectInputStream.java:2469)
	at java.base/java.io.ObjectInputStream.readOrdinaryObject(ObjectInputStream.java:2284)
	at java.base/java.io.ObjectInputStream.readObject0(ObjectInputStream.java:1762)
	at java.base/java.io.ObjectInputStream$FieldValues.<init>(ObjectInputStream.java:2618)
	at java.base/java.io.ObjectInputStream.readRecord(ObjectInputStream.java:2379)
	at java.base/java.io.ObjectInputStream.readOrdinaryObject(ObjectInputStream.java:2278)
	at java.base/java.io.ObjectInputStream.readObject0(ObjectInputStream.java:1762)
	at java.base/java.io.ObjectInputStream.readObject(ObjectInputStream.java:540)
	at java.base/java.io.ObjectInputStream.readObject(ObjectInputStream.java:498)
	at java.base/java.util.HashSet.readObject(HashSet.java:353)
	at java.base/jdk.internal.reflect.DirectMethodHandleAccessor.invoke(DirectMethodHandleAccessor.java:103)
	at java.base/java.lang.reflect.Method.invoke(Method.java:580)
	at java.base/java.io.ObjectStreamClass.invokeReadObject(ObjectStreamClass.java:1102)
	at java.base/java.io.ObjectInputStream.readSerialData(ObjectInputStream.java:2444)
	at java.base/java.io.ObjectInputStream.readOrdinaryObject(ObjectInputStream.java:2284)
	at java.base/java.io.ObjectInputStream.readObject0(ObjectInputStream.java:1762)
	at java.base/java.io.ObjectInputStream$FieldValues.<init>(ObjectInputStream.java:2618)
	at java.base/java.io.ObjectInputStream.readSerialData(ObjectInputStream.java:2469)
	at java.base/java.io.ObjectInputStream.readOrdinaryObject(ObjectInputStream.java:2284)
	at java.base/java.io.ObjectInputStream.readObject0(ObjectInputStream.java:1762)
	at java.base/java.io.ObjectInputStream.readObject(ObjectInputStream.java:540)
	at java.base/java.io.ObjectInputStream.readObject(ObjectInputStream.java:498)
	at java.base/java.util.ArrayList.readObject(ArrayList.java:981)
	at java.base/jdk.internal.reflect.DirectMethodHandleAccessor.invoke(DirectMethodHandleAccessor.java:103)
	at java.base/java.lang.reflect.Method.invoke(Method.java:580)
	at java.base/java.io.ObjectStreamClass.invokeReadObject(ObjectStreamClass.java:1102)
	at java.base/java.io.ObjectInputStream.readSerialData(ObjectInputStream.java:2444)
	at java.base/java.io.ObjectInputStream.readOrdinaryObject(ObjectInputStream.java:2284)
	at java.base/java.io.ObjectInputStream.readObject0(ObjectInputStream.java:1762)
	at java.base/java.io.ObjectInputStream.readObject(ObjectInputStream.java:540)
	at java.base/java.io.ObjectInputStream.readObject(ObjectInputStream.java:498)
	at hr.java.project.utility.SerializationUtil.deserializeCompetitionResults(SerializationUtil.java:38)
	at hr.java.project.main.Main.main(Main.java:44)
Caused by: java.io.NotSerializableException: java.util.Optional
	at java.base/java.io.ObjectOutputStream.writeObject0(ObjectOutputStream.java:1200)
	at java.base/java.io.ObjectOutputStream.defaultWriteFields(ObjectOutputStream.java:1585)
	at java.base/java.io.ObjectOutputStream.writeSerialData(ObjectOutputStream.java:1542)
	at java.base/java.io.ObjectOutputStream.writeOrdinaryObject(ObjectOutputStream.java:1451)
	at java.base/java.io.ObjectOutputStream.writeObject0(ObjectOutputStream.java:1194)
	at java.base/java.io.ObjectOutputStream.defaultWriteFields(ObjectOutputStream.java:1585)
	at java.base/java.io.ObjectOutputStream.writeRecordData(ObjectOutputStream.java:1503)
	at java.base/java.io.ObjectOutputStream.writeOrdinaryObject(ObjectOutputStream.java:1447)
	at java.base/java.io.ObjectOutputStream.writeObject0(ObjectOutputStream.java:1194)
	at java.base/java.io.ObjectOutputStream.writeObject(ObjectOutputStream.java:358)
	at java.base/java.util.HashSet.writeObject(HashSet.java:298)
	at java.base/jdk.internal.reflect.DirectMethodHandleAccessor.invoke(DirectMethodHandleAccessor.java:103)
	at java.base/java.lang.reflect.Method.invoke(Method.java:580)
	at java.base/java.io.ObjectStreamClass.invokeWriteObject(ObjectStreamClass.java:1072)
	at java.base/java.io.ObjectOutputStream.writeSerialData(ObjectOutputStream.java:1529)
	at java.base/java.io.ObjectOutputStream.writeOrdinaryObject(ObjectOutputStream.java:1451)
	at java.base/java.io.ObjectOutputStream.writeObject0(ObjectOutputStream.java:1194)
	at java.base/java.io.ObjectOutputStream.defaultWriteFields(ObjectOutputStream.java:1585)
	at java.base/java.io.ObjectOutputStream.writeSerialData(ObjectOutputStream.java:1542)
	at java.base/java.io.ObjectOutputStream.writeOrdinaryObject(ObjectOutputStream.java:1451)
	at java.base/java.io.ObjectOutputStream.writeObject0(ObjectOutputStream.java:1194)
	at java.base/java.io.ObjectOutputStream.writeObject(ObjectOutputStream.java:358)
	at java.base/java.util.ArrayList.writeObject(ArrayList.java:948)
	at java.base/jdk.internal.reflect.DirectMethodHandleAccessor.invoke(DirectMethodHandleAccessor.java:103)
	at java.base/java.lang.reflect.Method.invoke(Method.java:580)
	at java.base/java.io.ObjectStreamClass.invokeWriteObject(ObjectStreamClass.java:1072)
	at java.base/java.io.ObjectOutputStream.writeSerialData(ObjectOutputStream.java:1529)
	at java.base/java.io.ObjectOutputStream.writeOrdinaryObject(ObjectOutputStream.java:1451)
	at java.base/java.io.ObjectOutputStream.writeObject0(ObjectOutputStream.java:1194)
	at java.base/java.io.ObjectOutputStream.writeObject(ObjectOutputStream.java:358)
	at hr.java.project.utility.SerializationUtil.serializeCompetitionResults(SerializationUtil.java:26)
	at hr.java.project.main.Main.main(Main.java:42)
2023-11-30 21:21:52,788 ERROR [main] h.j.p.u.SerializationUtil [SerializationUtil.java:30] Greška prilikom serijalizacije objekta!
java.io.NotSerializableException: java.util.Optional
	at java.base/java.io.ObjectOutputStream.writeObject0(ObjectOutputStream.java:1200)
	at java.base/java.io.ObjectOutputStream.defaultWriteFields(ObjectOutputStream.java:1585)
	at java.base/java.io.ObjectOutputStream.writeSerialData(ObjectOutputStream.java:1542)
	at java.base/java.io.ObjectOutputStream.writeOrdinaryObject(ObjectOutputStream.java:1451)
	at java.base/java.io.ObjectOutputStream.writeObject0(ObjectOutputStream.java:1194)
	at java.base/java.io.ObjectOutputStream.defaultWriteFields(ObjectOutputStream.java:1585)
	at java.base/java.io.ObjectOutputStream.writeRecordData(ObjectOutputStream.java:1503)
	at java.base/java.io.ObjectOutputStream.writeOrdinaryObject(ObjectOutputStream.java:1447)
	at java.base/java.io.ObjectOutputStream.writeObject0(ObjectOutputStream.java:1194)
	at java.base/java.io.ObjectOutputStream.writeObject(ObjectOutputStream.java:358)
	at java.base/java.util.HashSet.writeObject(HashSet.java:298)
	at java.base/jdk.internal.reflect.DirectMethodHandleAccessor.invoke(DirectMethodHandleAccessor.java:103)
	at java.base/java.lang.reflect.Method.invoke(Method.java:580)
	at java.base/java.io.ObjectStreamClass.invokeWriteObject(ObjectStreamClass.java:1072)
	at java.base/java.io.ObjectOutputStream.writeSerialData(ObjectOutputStream.java:1529)
	at java.base/java.io.ObjectOutputStream.writeOrdinaryObject(ObjectOutputStream.java:1451)
	at java.base/java.io.ObjectOutputStream.writeObject0(ObjectOutputStream.java:1194)
	at java.base/java.io.ObjectOutputStream.defaultWriteFields(ObjectOutputStream.java:1585)
	at java.base/java.io.ObjectOutputStream.writeSerialData(ObjectOutputStream.java:1542)
	at java.base/java.io.ObjectOutputStream.writeOrdinaryObject(ObjectOutputStream.java:1451)
	at java.base/java.io.ObjectOutputStream.writeObject0(ObjectOutputStream.java:1194)
	at java.base/java.io.ObjectOutputStream.writeObject(ObjectOutputStream.java:358)
	at java.base/java.util.ArrayList.writeObject(ArrayList.java:948)
	at java.base/jdk.internal.reflect.DirectMethodHandleAccessor.invoke(DirectMethodHandleAccessor.java:103)
	at java.base/java.lang.reflect.Method.invoke(Method.java:580)
	at java.base/java.io.ObjectStreamClass.invokeWriteObject(ObjectStreamClass.java:1072)
	at java.base/java.io.ObjectOutputStream.writeSerialData(ObjectOutputStream.java:1529)
	at java.base/java.io.ObjectOutputStream.writeOrdinaryObject(ObjectOutputStream.java:1451)
	at java.base/java.io.ObjectOutputStream.writeObject0(ObjectOutputStream.java:1194)
	at java.base/java.io.ObjectOutputStream.writeObject(ObjectOutputStream.java:358)
	at hr.java.project.utility.SerializationUtil.serializeCompetitionResults(SerializationUtil.java:26)
	at hr.java.project.main.Main.main(Main.java:42)
2023-11-30 21:21:52,824 ERROR [main] h.j.p.u.SerializationUtil [SerializationUtil.java:50] Greška prilikom deserijalizacije!
java.io.WriteAbortedException: writing aborted; java.io.NotSerializableException: java.util.Optional
	at java.base/java.io.ObjectInputStream.readObject0(ObjectInputStream.java:1769)
	at java.base/java.io.ObjectInputStream$FieldValues.<init>(ObjectInputStream.java:2618)
	at java.base/java.io.ObjectInputStream.readSerialData(ObjectInputStream.java:2469)
	at java.base/java.io.ObjectInputStream.readOrdinaryObject(ObjectInputStream.java:2284)
	at java.base/java.io.ObjectInputStream.readObject0(ObjectInputStream.java:1762)
	at java.base/java.io.ObjectInputStream$FieldValues.<init>(ObjectInputStream.java:2618)
	at java.base/java.io.ObjectInputStream.readRecord(ObjectInputStream.java:2379)
	at java.base/java.io.ObjectInputStream.readOrdinaryObject(ObjectInputStream.java:2278)
	at java.base/java.io.ObjectInputStream.readObject0(ObjectInputStream.java:1762)
	at java.base/java.io.ObjectInputStream.readObject(ObjectInputStream.java:540)
	at java.base/java.io.ObjectInputStream.readObject(ObjectInputStream.java:498)
	at java.base/java.util.HashSet.readObject(HashSet.java:353)
	at java.base/jdk.internal.reflect.DirectMethodHandleAccessor.invoke(DirectMethodHandleAccessor.java:103)
	at java.base/java.lang.reflect.Method.invoke(Method.java:580)
	at java.base/java.io.ObjectStreamClass.invokeReadObject(ObjectStreamClass.java:1102)
	at java.base/java.io.ObjectInputStream.readSerialData(ObjectInputStream.java:2444)
	at java.base/java.io.ObjectInputStream.readOrdinaryObject(ObjectInputStream.java:2284)
	at java.base/java.io.ObjectInputStream.readObject0(ObjectInputStream.java:1762)
	at java.base/java.io.ObjectInputStream$FieldValues.<init>(ObjectInputStream.java:2618)
	at java.base/java.io.ObjectInputStream.readSerialData(ObjectInputStream.java:2469)
	at java.base/java.io.ObjectInputStream.readOrdinaryObject(ObjectInputStream.java:2284)
	at java.base/java.io.ObjectInputStream.readObject0(ObjectInputStream.java:1762)
	at java.base/java.io.ObjectInputStream.readObject(ObjectInputStream.java:540)
	at java.base/java.io.ObjectInputStream.readObject(ObjectInputStream.java:498)
	at java.base/java.util.ArrayList.readObject(ArrayList.java:981)
	at java.base/jdk.internal.reflect.DirectMethodHandleAccessor.invoke(DirectMethodHandleAccessor.java:103)
	at java.base/java.lang.reflect.Method.invoke(Method.java:580)
	at java.base/java.io.ObjectStreamClass.invokeReadObject(ObjectStreamClass.java:1102)
	at java.base/java.io.ObjectInputStream.readSerialData(ObjectInputStream.java:2444)
	at java.base/java.io.ObjectInputStream.readOrdinaryObject(ObjectInputStream.java:2284)
	at java.base/java.io.ObjectInputStream.readObject0(ObjectInputStream.java:1762)
	at java.base/java.io.ObjectInputStream.readObject(ObjectInputStream.java:540)
	at java.base/java.io.ObjectInputStream.readObject(ObjectInputStream.java:498)
	at hr.java.project.utility.SerializationUtil.deserializeCompetitionResults(SerializationUtil.java:38)
	at hr.java.project.main.Main.main(Main.java:44)
Caused by: java.io.NotSerializableException: java.util.Optional
	at java.base/java.io.ObjectOutputStream.writeObject0(ObjectOutputStream.java:1200)
	at java.base/java.io.ObjectOutputStream.defaultWriteFields(ObjectOutputStream.java:1585)
	at java.base/java.io.ObjectOutputStream.writeSerialData(ObjectOutputStream.java:1542)
	at java.base/java.io.ObjectOutputStream.writeOrdinaryObject(ObjectOutputStream.java:1451)
	at java.base/java.io.ObjectOutputStream.writeObject0(ObjectOutputStream.java:1194)
	at java.base/java.io.ObjectOutputStream.defaultWriteFields(ObjectOutputStream.java:1585)
	at java.base/java.io.ObjectOutputStream.writeRecordData(ObjectOutputStream.java:1503)
	at java.base/java.io.ObjectOutputStream.writeOrdinaryObject(ObjectOutputStream.java:1447)
	at java.base/java.io.ObjectOutputStream.writeObject0(ObjectOutputStream.java:1194)
	at java.base/java.io.ObjectOutputStream.writeObject(ObjectOutputStream.java:358)
	at java.base/java.util.HashSet.writeObject(HashSet.java:298)
	at java.base/jdk.internal.reflect.DirectMethodHandleAccessor.invoke(DirectMethodHandleAccessor.java:103)
	at java.base/java.lang.reflect.Method.invoke(Method.java:580)
	at java.base/java.io.ObjectStreamClass.invokeWriteObject(ObjectStreamClass.java:1072)
	at java.base/java.io.ObjectOutputStream.writeSerialData(ObjectOutputStream.java:1529)
	at java.base/java.io.ObjectOutputStream.writeOrdinaryObject(ObjectOutputStream.java:1451)
	at java.base/java.io.ObjectOutputStream.writeObject0(ObjectOutputStream.java:1194)
	at java.base/java.io.ObjectOutputStream.defaultWriteFields(ObjectOutputStream.java:1585)
	at java.base/java.io.ObjectOutputStream.writeSerialData(ObjectOutputStream.java:1542)
	at java.base/java.io.ObjectOutputStream.writeOrdinaryObject(ObjectOutputStream.java:1451)
	at java.base/java.io.ObjectOutputStream.writeObject0(ObjectOutputStream.java:1194)
	at java.base/java.io.ObjectOutputStream.writeObject(ObjectOutputStream.java:358)
	at java.base/java.util.ArrayList.writeObject(ArrayList.java:948)
	at java.base/jdk.internal.reflect.DirectMethodHandleAccessor.invoke(DirectMethodHandleAccessor.java:103)
	at java.base/java.lang.reflect.Method.invoke(Method.java:580)
	at java.base/java.io.ObjectStreamClass.invokeWriteObject(ObjectStreamClass.java:1072)
	at java.base/java.io.ObjectOutputStream.writeSerialData(ObjectOutputStream.java:1529)
	at java.base/java.io.ObjectOutputStream.writeOrdinaryObject(ObjectOutputStream.java:1451)
	at java.base/java.io.ObjectOutputStream.writeObject0(ObjectOutputStream.java:1194)
	at java.base/java.io.ObjectOutputStream.writeObject(ObjectOutputStream.java:358)
	at hr.java.project.utility.SerializationUtil.serializeCompetitionResults(SerializationUtil.java:26)
	at hr.java.project.main.Main.main(Main.java:42)
2023-11-30 21:21:57,954 ERROR [main] h.j.p.u.SerializationUtil [SerializationUtil.java:30] Greška prilikom serijalizacije objekta!
java.io.NotSerializableException: java.util.Optional
	at java.base/java.io.ObjectOutputStream.writeObject0(ObjectOutputStream.java:1200)
	at java.base/java.io.ObjectOutputStream.defaultWriteFields(ObjectOutputStream.java:1585)
	at java.base/java.io.ObjectOutputStream.writeSerialData(ObjectOutputStream.java:1542)
	at java.base/java.io.ObjectOutputStream.writeOrdinaryObject(ObjectOutputStream.java:1451)
	at java.base/java.io.ObjectOutputStream.writeObject0(ObjectOutputStream.java:1194)
	at java.base/java.io.ObjectOutputStream.defaultWriteFields(ObjectOutputStream.java:1585)
	at java.base/java.io.ObjectOutputStream.writeRecordData(ObjectOutputStream.java:1503)
	at java.base/java.io.ObjectOutputStream.writeOrdinaryObject(ObjectOutputStream.java:1447)
	at java.base/java.io.ObjectOutputStream.writeObject0(ObjectOutputStream.java:1194)
	at java.base/java.io.ObjectOutputStream.writeObject(ObjectOutputStream.java:358)
	at java.base/java.util.HashSet.writeObject(HashSet.java:298)
	at java.base/jdk.internal.reflect.DirectMethodHandleAccessor.invoke(DirectMethodHandleAccessor.java:103)
	at java.base/java.lang.reflect.Method.invoke(Method.java:580)
	at java.base/java.io.ObjectStreamClass.invokeWriteObject(ObjectStreamClass.java:1072)
	at java.base/java.io.ObjectOutputStream.writeSerialData(ObjectOutputStream.java:1529)
	at java.base/java.io.ObjectOutputStream.writeOrdinaryObject(ObjectOutputStream.java:1451)
	at java.base/java.io.ObjectOutputStream.writeObject0(ObjectOutputStream.java:1194)
	at java.base/java.io.ObjectOutputStream.defaultWriteFields(ObjectOutputStream.java:1585)
	at java.base/java.io.ObjectOutputStream.writeSerialData(ObjectOutputStream.java:1542)
	at java.base/java.io.ObjectOutputStream.writeOrdinaryObject(ObjectOutputStream.java:1451)
	at java.base/java.io.ObjectOutputStream.writeObject0(ObjectOutputStream.java:1194)
	at java.base/java.io.ObjectOutputStream.writeObject(ObjectOutputStream.java:358)
	at java.base/java.util.ArrayList.writeObject(ArrayList.java:948)
	at java.base/jdk.internal.reflect.DirectMethodHandleAccessor.invoke(DirectMethodHandleAccessor.java:103)
	at java.base/java.lang.reflect.Method.invoke(Method.java:580)
	at java.base/java.io.ObjectStreamClass.invokeWriteObject(ObjectStreamClass.java:1072)
	at java.base/java.io.ObjectOutputStream.writeSerialData(ObjectOutputStream.java:1529)
	at java.base/java.io.ObjectOutputStream.writeOrdinaryObject(ObjectOutputStream.java:1451)
	at java.base/java.io.ObjectOutputStream.writeObject0(ObjectOutputStream.java:1194)
	at java.base/java.io.ObjectOutputStream.writeObject(ObjectOutputStream.java:358)
	at hr.java.project.utility.SerializationUtil.serializeCompetitionResults(SerializationUtil.java:26)
	at hr.java.project.main.Main.main(Main.java:42)
2023-11-30 21:21:57,989 ERROR [main] h.j.p.u.SerializationUtil [SerializationUtil.java:50] Greška prilikom deserijalizacije!
java.io.WriteAbortedException: writing aborted; java.io.NotSerializableException: java.util.Optional
	at java.base/java.io.ObjectInputStream.readObject0(ObjectInputStream.java:1769)
	at java.base/java.io.ObjectInputStream$FieldValues.<init>(ObjectInputStream.java:2618)
	at java.base/java.io.ObjectInputStream.readSerialData(ObjectInputStream.java:2469)
	at java.base/java.io.ObjectInputStream.readOrdinaryObject(ObjectInputStream.java:2284)
	at java.base/java.io.ObjectInputStream.readObject0(ObjectInputStream.java:1762)
	at java.base/java.io.ObjectInputStream$FieldValues.<init>(ObjectInputStream.java:2618)
	at java.base/java.io.ObjectInputStream.readRecord(ObjectInputStream.java:2379)
	at java.base/java.io.ObjectInputStream.readOrdinaryObject(ObjectInputStream.java:2278)
	at java.base/java.io.ObjectInputStream.readObject0(ObjectInputStream.java:1762)
	at java.base/java.io.ObjectInputStream.readObject(ObjectInputStream.java:540)
	at java.base/java.io.ObjectInputStream.readObject(ObjectInputStream.java:498)
	at java.base/java.util.HashSet.readObject(HashSet.java:353)
	at java.base/jdk.internal.reflect.DirectMethodHandleAccessor.invoke(DirectMethodHandleAccessor.java:103)
	at java.base/java.lang.reflect.Method.invoke(Method.java:580)
	at java.base/java.io.ObjectStreamClass.invokeReadObject(ObjectStreamClass.java:1102)
	at java.base/java.io.ObjectInputStream.readSerialData(ObjectInputStream.java:2444)
	at java.base/java.io.ObjectInputStream.readOrdinaryObject(ObjectInputStream.java:2284)
	at java.base/java.io.ObjectInputStream.readObject0(ObjectInputStream.java:1762)
	at java.base/java.io.ObjectInputStream$FieldValues.<init>(ObjectInputStream.java:2618)
	at java.base/java.io.ObjectInputStream.readSerialData(ObjectInputStream.java:2469)
	at java.base/java.io.ObjectInputStream.readOrdinaryObject(ObjectInputStream.java:2284)
	at java.base/java.io.ObjectInputStream.readObject0(ObjectInputStream.java:1762)
	at java.base/java.io.ObjectInputStream.readObject(ObjectInputStream.java:540)
	at java.base/java.io.ObjectInputStream.readObject(ObjectInputStream.java:498)
	at java.base/java.util.ArrayList.readObject(ArrayList.java:981)
	at java.base/jdk.internal.reflect.DirectMethodHandleAccessor.invoke(DirectMethodHandleAccessor.java:103)
	at java.base/java.lang.reflect.Method.invoke(Method.java:580)
	at java.base/java.io.ObjectStreamClass.invokeReadObject(ObjectStreamClass.java:1102)
	at java.base/java.io.ObjectInputStream.readSerialData(ObjectInputStream.java:2444)
	at java.base/java.io.ObjectInputStream.readOrdinaryObject(ObjectInputStream.java:2284)
	at java.base/java.io.ObjectInputStream.readObject0(ObjectInputStream.java:1762)
	at java.base/java.io.ObjectInputStream.readObject(ObjectInputStream.java:540)
	at java.base/java.io.ObjectInputStream.readObject(ObjectInputStream.java:498)
	at hr.java.project.utility.SerializationUtil.deserializeCompetitionResults(SerializationUtil.java:38)
	at hr.java.project.main.Main.main(Main.java:44)
Caused by: java.io.NotSerializableException: java.util.Optional
	at java.base/java.io.ObjectOutputStream.writeObject0(ObjectOutputStream.java:1200)
	at java.base/java.io.ObjectOutputStream.defaultWriteFields(ObjectOutputStream.java:1585)
	at java.base/java.io.ObjectOutputStream.writeSerialData(ObjectOutputStream.java:1542)
	at java.base/java.io.ObjectOutputStream.writeOrdinaryObject(ObjectOutputStream.java:1451)
	at java.base/java.io.ObjectOutputStream.writeObject0(ObjectOutputStream.java:1194)
	at java.base/java.io.ObjectOutputStream.defaultWriteFields(ObjectOutputStream.java:1585)
	at java.base/java.io.ObjectOutputStream.writeRecordData(ObjectOutputStream.java:1503)
	at java.base/java.io.ObjectOutputStream.writeOrdinaryObject(ObjectOutputStream.java:1447)
	at java.base/java.io.ObjectOutputStream.writeObject0(ObjectOutputStream.java:1194)
	at java.base/java.io.ObjectOutputStream.writeObject(ObjectOutputStream.java:358)
	at java.base/java.util.HashSet.writeObject(HashSet.java:298)
	at java.base/jdk.internal.reflect.DirectMethodHandleAccessor.invoke(DirectMethodHandleAccessor.java:103)
	at java.base/java.lang.reflect.Method.invoke(Method.java:580)
	at java.base/java.io.ObjectStreamClass.invokeWriteObject(ObjectStreamClass.java:1072)
	at java.base/java.io.ObjectOutputStream.writeSerialData(ObjectOutputStream.java:1529)
	at java.base/java.io.ObjectOutputStream.writeOrdinaryObject(ObjectOutputStream.java:1451)
	at java.base/java.io.ObjectOutputStream.writeObject0(ObjectOutputStream.java:1194)
	at java.base/java.io.ObjectOutputStream.defaultWriteFields(ObjectOutputStream.java:1585)
	at java.base/java.io.ObjectOutputStream.writeSerialData(ObjectOutputStream.java:1542)
	at java.base/java.io.ObjectOutputStream.writeOrdinaryObject(ObjectOutputStream.java:1451)
	at java.base/java.io.ObjectOutputStream.writeObject0(ObjectOutputStream.java:1194)
	at java.base/java.io.ObjectOutputStream.writeObject(ObjectOutputStream.java:358)
	at java.base/java.util.ArrayList.writeObject(ArrayList.java:948)
	at java.base/jdk.internal.reflect.DirectMethodHandleAccessor.invoke(DirectMethodHandleAccessor.java:103)
	at java.base/java.lang.reflect.Method.invoke(Method.java:580)
	at java.base/java.io.ObjectStreamClass.invokeWriteObject(ObjectStreamClass.java:1072)
	at java.base/java.io.ObjectOutputStream.writeSerialData(ObjectOutputStream.java:1529)
	at java.base/java.io.ObjectOutputStream.writeOrdinaryObject(ObjectOutputStream.java:1451)
	at java.base/java.io.ObjectOutputStream.writeObject0(ObjectOutputStream.java:1194)
	at java.base/java.io.ObjectOutputStream.writeObject(ObjectOutputStream.java:358)
	at hr.java.project.utility.SerializationUtil.serializeCompetitionResults(SerializationUtil.java:26)
	at hr.java.project.main.Main.main(Main.java:42)
2023-11-30 21:24:51,106 ERROR [main] h.j.p.u.SerializationUtil [SerializationUtil.java:30] Greška prilikom serijalizacije objekta!
java.io.NotSerializableException: java.util.Optional
	at java.base/java.io.ObjectOutputStream.writeObject0(ObjectOutputStream.java:1200)
	at java.base/java.io.ObjectOutputStream.defaultWriteFields(ObjectOutputStream.java:1585)
	at java.base/java.io.ObjectOutputStream.writeSerialData(ObjectOutputStream.java:1542)
	at java.base/java.io.ObjectOutputStream.writeOrdinaryObject(ObjectOutputStream.java:1451)
	at java.base/java.io.ObjectOutputStream.writeObject0(ObjectOutputStream.java:1194)
	at java.base/java.io.ObjectOutputStream.defaultWriteFields(ObjectOutputStream.java:1585)
	at java.base/java.io.ObjectOutputStream.writeRecordData(ObjectOutputStream.java:1503)
	at java.base/java.io.ObjectOutputStream.writeOrdinaryObject(ObjectOutputStream.java:1447)
	at java.base/java.io.ObjectOutputStream.writeObject0(ObjectOutputStream.java:1194)
	at java.base/java.io.ObjectOutputStream.writeObject(ObjectOutputStream.java:358)
	at java.base/java.util.HashSet.writeObject(HashSet.java:298)
	at java.base/jdk.internal.reflect.DirectMethodHandleAccessor.invoke(DirectMethodHandleAccessor.java:103)
	at java.base/java.lang.reflect.Method.invoke(Method.java:580)
	at java.base/java.io.ObjectStreamClass.invokeWriteObject(ObjectStreamClass.java:1072)
	at java.base/java.io.ObjectOutputStream.writeSerialData(ObjectOutputStream.java:1529)
	at java.base/java.io.ObjectOutputStream.writeOrdinaryObject(ObjectOutputStream.java:1451)
	at java.base/java.io.ObjectOutputStream.writeObject0(ObjectOutputStream.java:1194)
	at java.base/java.io.ObjectOutputStream.defaultWriteFields(ObjectOutputStream.java:1585)
	at java.base/java.io.ObjectOutputStream.writeSerialData(ObjectOutputStream.java:1542)
	at java.base/java.io.ObjectOutputStream.writeOrdinaryObject(ObjectOutputStream.java:1451)
	at java.base/java.io.ObjectOutputStream.writeObject0(ObjectOutputStream.java:1194)
	at java.base/java.io.ObjectOutputStream.writeObject(ObjectOutputStream.java:358)
	at java.base/java.util.ArrayList.writeObject(ArrayList.java:948)
	at java.base/jdk.internal.reflect.DirectMethodHandleAccessor.invoke(DirectMethodHandleAccessor.java:103)
	at java.base/java.lang.reflect.Method.invoke(Method.java:580)
	at java.base/java.io.ObjectStreamClass.invokeWriteObject(ObjectStreamClass.java:1072)
	at java.base/java.io.ObjectOutputStream.writeSerialData(ObjectOutputStream.java:1529)
	at java.base/java.io.ObjectOutputStream.writeOrdinaryObject(ObjectOutputStream.java:1451)
	at java.base/java.io.ObjectOutputStream.writeObject0(ObjectOutputStream.java:1194)
	at java.base/java.io.ObjectOutputStream.writeObject(ObjectOutputStream.java:358)
	at hr.java.project.utility.SerializationUtil.serializeCompetitionResults(SerializationUtil.java:26)
	at hr.java.project.main.Main.main(Main.java:42)
2023-11-30 21:24:51,139 ERROR [main] h.j.p.u.SerializationUtil [SerializationUtil.java:50] Greška prilikom deserijalizacije!
java.io.WriteAbortedException: writing aborted; java.io.NotSerializableException: java.util.Optional
	at java.base/java.io.ObjectInputStream.readObject0(ObjectInputStream.java:1769)
	at java.base/java.io.ObjectInputStream$FieldValues.<init>(ObjectInputStream.java:2618)
	at java.base/java.io.ObjectInputStream.readSerialData(ObjectInputStream.java:2469)
	at java.base/java.io.ObjectInputStream.readOrdinaryObject(ObjectInputStream.java:2284)
	at java.base/java.io.ObjectInputStream.readObject0(ObjectInputStream.java:1762)
	at java.base/java.io.ObjectInputStream$FieldValues.<init>(ObjectInputStream.java:2618)
	at java.base/java.io.ObjectInputStream.readRecord(ObjectInputStream.java:2379)
	at java.base/java.io.ObjectInputStream.readOrdinaryObject(ObjectInputStream.java:2278)
	at java.base/java.io.ObjectInputStream.readObject0(ObjectInputStream.java:1762)
	at java.base/java.io.ObjectInputStream.readObject(ObjectInputStream.java:540)
	at java.base/java.io.ObjectInputStream.readObject(ObjectInputStream.java:498)
	at java.base/java.util.HashSet.readObject(HashSet.java:353)
	at java.base/jdk.internal.reflect.DirectMethodHandleAccessor.invoke(DirectMethodHandleAccessor.java:103)
	at java.base/java.lang.reflect.Method.invoke(Method.java:580)
	at java.base/java.io.ObjectStreamClass.invokeReadObject(ObjectStreamClass.java:1102)
	at java.base/java.io.ObjectInputStream.readSerialData(ObjectInputStream.java:2444)
	at java.base/java.io.ObjectInputStream.readOrdinaryObject(ObjectInputStream.java:2284)
	at java.base/java.io.ObjectInputStream.readObject0(ObjectInputStream.java:1762)
	at java.base/java.io.ObjectInputStream$FieldValues.<init>(ObjectInputStream.java:2618)
	at java.base/java.io.ObjectInputStream.readSerialData(ObjectInputStream.java:2469)
	at java.base/java.io.ObjectInputStream.readOrdinaryObject(ObjectInputStream.java:2284)
	at java.base/java.io.ObjectInputStream.readObject0(ObjectInputStream.java:1762)
	at java.base/java.io.ObjectInputStream.readObject(ObjectInputStream.java:540)
	at java.base/java.io.ObjectInputStream.readObject(ObjectInputStream.java:498)
	at java.base/java.util.ArrayList.readObject(ArrayList.java:981)
	at java.base/jdk.internal.reflect.DirectMethodHandleAccessor.invoke(DirectMethodHandleAccessor.java:103)
	at java.base/java.lang.reflect.Method.invoke(Method.java:580)
	at java.base/java.io.ObjectStreamClass.invokeReadObject(ObjectStreamClass.java:1102)
	at java.base/java.io.ObjectInputStream.readSerialData(ObjectInputStream.java:2444)
	at java.base/java.io.ObjectInputStream.readOrdinaryObject(ObjectInputStream.java:2284)
	at java.base/java.io.ObjectInputStream.readObject0(ObjectInputStream.java:1762)
	at java.base/java.io.ObjectInputStream.readObject(ObjectInputStream.java:540)
	at java.base/java.io.ObjectInputStream.readObject(ObjectInputStream.java:498)
	at hr.java.project.utility.SerializationUtil.deserializeCompetitionResults(SerializationUtil.java:38)
	at hr.java.project.main.Main.main(Main.java:44)
Caused by: java.io.NotSerializableException: java.util.Optional
	at java.base/java.io.ObjectOutputStream.writeObject0(ObjectOutputStream.java:1200)
	at java.base/java.io.ObjectOutputStream.defaultWriteFields(ObjectOutputStream.java:1585)
	at java.base/java.io.ObjectOutputStream.writeSerialData(ObjectOutputStream.java:1542)
	at java.base/java.io.ObjectOutputStream.writeOrdinaryObject(ObjectOutputStream.java:1451)
	at java.base/java.io.ObjectOutputStream.writeObject0(ObjectOutputStream.java:1194)
	at java.base/java.io.ObjectOutputStream.defaultWriteFields(ObjectOutputStream.java:1585)
	at java.base/java.io.ObjectOutputStream.writeRecordData(ObjectOutputStream.java:1503)
	at java.base/java.io.ObjectOutputStream.writeOrdinaryObject(ObjectOutputStream.java:1447)
	at java.base/java.io.ObjectOutputStream.writeObject0(ObjectOutputStream.java:1194)
	at java.base/java.io.ObjectOutputStream.writeObject(ObjectOutputStream.java:358)
	at java.base/java.util.HashSet.writeObject(HashSet.java:298)
	at java.base/jdk.internal.reflect.DirectMethodHandleAccessor.invoke(DirectMethodHandleAccessor.java:103)
	at java.base/java.lang.reflect.Method.invoke(Method.java:580)
	at java.base/java.io.ObjectStreamClass.invokeWriteObject(ObjectStreamClass.java:1072)
	at java.base/java.io.ObjectOutputStream.writeSerialData(ObjectOutputStream.java:1529)
	at java.base/java.io.ObjectOutputStream.writeOrdinaryObject(ObjectOutputStream.java:1451)
	at java.base/java.io.ObjectOutputStream.writeObject0(ObjectOutputStream.java:1194)
	at java.base/java.io.ObjectOutputStream.defaultWriteFields(ObjectOutputStream.java:1585)
	at java.base/java.io.ObjectOutputStream.writeSerialData(ObjectOutputStream.java:1542)
	at java.base/java.io.ObjectOutputStream.writeOrdinaryObject(ObjectOutputStream.java:1451)
	at java.base/java.io.ObjectOutputStream.writeObject0(ObjectOutputStream.java:1194)
	at java.base/java.io.ObjectOutputStream.writeObject(ObjectOutputStream.java:358)
	at java.base/java.util.ArrayList.writeObject(ArrayList.java:948)
	at java.base/jdk.internal.reflect.DirectMethodHandleAccessor.invoke(DirectMethodHandleAccessor.java:103)
	at java.base/java.lang.reflect.Method.invoke(Method.java:580)
	at java.base/java.io.ObjectStreamClass.invokeWriteObject(ObjectStreamClass.java:1072)
	at java.base/java.io.ObjectOutputStream.writeSerialData(ObjectOutputStream.java:1529)
	at java.base/java.io.ObjectOutputStream.writeOrdinaryObject(ObjectOutputStream.java:1451)
	at java.base/java.io.ObjectOutputStream.writeObject0(ObjectOutputStream.java:1194)
	at java.base/java.io.ObjectOutputStream.writeObject(ObjectOutputStream.java:358)
	at hr.java.project.utility.SerializationUtil.serializeCompetitionResults(SerializationUtil.java:26)
	at hr.java.project.main.Main.main(Main.java:42)
